[debug] [2021-08-29T11:08:02.437Z] ----------------------------------------------------------------------
[debug] [2021-08-29T11:08:02.439Z] Command:       C:\Program Files\nodejs\node.exe C:\Program Files\nodejs\node_modules\firebase-tools\lib\bin\firebase.js init
[debug] [2021-08-29T11:08:02.439Z] CLI Version:   9.16.6
[debug] [2021-08-29T11:08:02.439Z] Platform:      win32
[debug] [2021-08-29T11:08:02.439Z] Node Version:  v12.18.4
[debug] [2021-08-29T11:08:02.441Z] Time:          Sun Aug 29 2021 16:38:02 GMT+0530 (India Standard Time)
[debug] [2021-08-29T11:08:02.441Z] ----------------------------------------------------------------------
[debug] 
[debug] [2021-08-29T11:08:02.448Z] > command requires scopes: ["email","openid","https://www.googleapis.com/auth/cloudplatformprojects.readonly","https://www.googleapis.com/auth/firebase","https://www.googleapis.com/auth/cloud-platform"]
[debug] [2021-08-29T11:08:02.449Z] > authorizing via signed-in user (anunayanand@gmail.com)
[info] 
     ######## #### ########  ######## ########     ###     ######  ########
     ##        ##  ##     ## ##       ##     ##  ##   ##  ##       ##
     ######    ##  ########  ######   ########  #########  ######  ######
     ##        ##  ##    ##  ##       ##     ## ##     ##       ## ##
     ##       #### ##     ## ######## ########  ##     ##  ######  ########

You're about to initialize a Firebase project in this directory:

  D:\All Projects\React\react-and-database\src\components

[info] 
=== Project Setup
[info] 
[info] First, let's associate this project directory with a Firebase project.
[info] You can create multiple project aliases by running firebase use --add, 
[info] but for now we'll just set up a default project.
[info] 
[debug] [2021-08-29T11:09:04.900Z] >>> [apiv2][query] GET https://firebase.googleapis.com/v1beta1/projects pageSize=100
[debug] [2021-08-29T11:09:05.628Z] <<< [apiv2][status] GET https://firebase.googleapis.com/v1beta1/projects 200
[debug] [2021-08-29T11:09:05.628Z] <<< [apiv2][body] GET https://firebase.googleapis.com/v1beta1/projects [omitted]
[info] i  Using project react-http-63562 (react-http) 
[info] 
=== Hosting:github Setup
[info] 
[info] i  Detected a .git folder at D:\All Projects\React 
[info] i  Authorizing with GitHub to upload your service account to a GitHub repository's secrets store. 
[info] 
[info] Visit this URL on this device to log in:
[info] https://github.com/login/oauth/authorize?client_id=89cf50f02ac6aaed3484&state=653103828&redirect_uri=http%3A%2F%2Flocalhost%3A9005&scope=read%3Auser%20repo%20public_repo
[info] 
[info] Waiting for authentication...
[debug] [2021-08-29T11:09:32.684Z] >>> HTTP REQUEST POST https://github.com/login/oauth/access_token  
 {"client_id":"89cf50f02ac6aaed3484","client_secret":"3330d14abc895d9a74d5f17cd7a00711fa2c5bf0","code":"293354240d384fa88b09","redirect_uri":"http://localhost:9005","state":"653103828"}
[debug] [2021-08-29T11:09:33.086Z] <<< HTTP RESPONSE 200 {"server":"GitHub.com","date":"Sun, 29 Aug 2021 11:09:33 GMT","content-type":"application/json; charset=utf-8","transfer-encoding":"chunked","vary":"X-PJAX, X-PJAX-Container, Accept-Encoding, Accept, X-Requested-With","permissions-policy":"interest-cohort=()","etag":"W/\"5f403d4725b1565f98b18c70cc51ff53\"","cache-control":"max-age=0, private, must-revalidate","strict-transport-security":"max-age=31536000; includeSubdomains; preload","x-frame-options":"deny","x-content-type-options":"nosniff","x-xss-protection":"0","referrer-policy":"origin-when-cross-origin, strict-origin-when-cross-origin","expect-ct":"max-age=2592000, report-uri=\"https://api.github.com/_private/browser/errors\"","content-security-policy":"default-src 'none'; base-uri 'self'; block-all-mixed-content; connect-src 'self' uploads.github.com www.githubstatus.com collector.githubapp.com api.github.com github-cloud.s3.amazonaws.com github-production-repository-file-5c1aeb.s3.amazonaws.com github-production-upload-manifest-file-7fdce7.s3.amazonaws.com github-production-user-asset-6210df.s3.amazonaws.com cdn.optimizely.com logx.optimizely.com/v1/events translator.github.com wss://alive.github.com; font-src github.githubassets.com; form-action 'self' github.com gist.github.com; frame-ancestors 'none'; frame-src render.githubusercontent.com viewscreen.githubusercontent.com; img-src 'self' data: github.githubassets.com identicons.github.com collector.githubapp.com github-cloud.s3.amazonaws.com secured-user-images.githubusercontent.com/ *.githubusercontent.com; manifest-src 'self'; media-src 'none'; script-src github.githubassets.com; style-src 'unsafe-inline' github.githubassets.com; worker-src github.com/socket-worker-b05e50fc.js gist.github.com/socket-worker-b05e50fc.js","x-github-request-id":"CF53:34AF:15339EC:17A5DC9:612B6AED"}
[debug] [2021-08-29T11:09:33.089Z] >>> [apiv2][query] GET https://api.github.com/user [none]
[debug] [2021-08-29T11:09:33.521Z] <<< [apiv2][status] GET https://api.github.com/user 200
[debug] [2021-08-29T11:09:33.521Z] <<< [apiv2][body] GET https://api.github.com/user {"login":"Anunay-Anand","id":55958223,"node_id":"MDQ6VXNlcjU1OTU4MjIz","avatar_url":"https://avatars.githubusercontent.com/u/55958223?v=4","gravatar_id":"","url":"https://api.github.com/users/Anunay-Anand","html_url":"https://github.com/Anunay-Anand","followers_url":"https://api.github.com/users/Anunay-Anand/followers","following_url":"https://api.github.com/users/Anunay-Anand/following{/other_user}","gists_url":"https://api.github.com/users/Anunay-Anand/gists{/gist_id}","starred_url":"https://api.github.com/users/Anunay-Anand/starred{/owner}{/repo}","subscriptions_url":"https://api.github.com/users/Anunay-Anand/subscriptions","organizations_url":"https://api.github.com/users/Anunay-Anand/orgs","repos_url":"https://api.github.com/users/Anunay-Anand/repos","events_url":"https://api.github.com/users/Anunay-Anand/events{/privacy}","received_events_url":"https://api.github.com/users/Anunay-Anand/received_events","type":"User","site_admin":false,"name":"Anunay Anand","company":null,"blog":"","location":"Noida, India","email":null,"hireable":null,"bio":"I have always been in interested in the complexities that goes into building a website. Now i want to build my career as a full stack web developer. ","twitter_username":null,"public_repos":34,"public_gists":0,"followers":4,"following":5,"created_at":"2019-09-29T18:39:14Z","updated_at":"2021-08-22T19:10:21Z","private_gists":0,"total_private_repos":0,"owned_private_repos":0,"disk_usage":60740,"collaborators":0,"two_factor_authentication":false,"plan":{"name":"free","space":976562499,"collaborators":0,"private_repos":10000}}
[info] 
[info] +  Success! Logged into GitHub as Anunay-Anand 
[info] 
